<?xml version="1.0" encoding="UTF-8"?>
<testsuite name="com.selenium.draganddrop.test.DragAndDropClassTest" tests="1" skipped="0" failures="0" errors="0" timestamp="2021-07-22T16:06:44" hostname="arjun-HP-Laptop-15-bs0xx" time="5.343">
  <properties/>
  <testcase name="drag_and_drop_test" classname="com.selenium.draganddrop.test.DragAndDropClassTest" time="5.343"/>
  <system-out><![CDATA[]]></system-out>
  <system-err><![CDATA[]]></system-err>
</testsuite>
